<?xml version="1.0" encoding="UTF-8"?>
<!-- Generated by org.testng.reporters.JUnitReportReporter -->
<testsuite hostname="DESKTOP-ABJOE7G" failures="0" tests="2" name="Demo1.test1" time="0.012" errors="0" timestamp="2023-09-11T10:35:46 GMT-07:00" skipped="0">
  <testcase classname="Demo1.test1" name="method2" time="0.005"/>
  <testcase classname="Demo1.test1" name="method1" time="0.007"/>
</testsuite> <!-- Demo1.test1 -->
