<?xml version="1.0" encoding="UTF-8"?>
<!-- Generated by org.testng.reporters.JUnitReportReporter -->
<testsuite hostname="DESKTOP-ABJOE7G" failures="0" tests="1" name="Demo3.parameterizedDemo" time="0.030" errors="0" timestamp="2023-09-11T12:47:57 GMT-07:00" skipped="0">
  <testcase classname="Demo3.parameterizedDemo" name="login" time="0.030"/>
</testsuite> <!-- Demo3.parameterizedDemo -->
