<?xml version="1.0" encoding="UTF-8"?>
<!-- Generated by org.testng.reporters.JUnitReportReporter -->
<testsuite hostname="DESKTOP-ABJOE7G" failures="0" tests="2" name="Demo3.DependsOnDemo" time="0.027" errors="0" timestamp="2023-09-11T12:00:11 GMT-07:00" skipped="0">
  <testcase classname="Demo3.DependsOnDemo" name="method1" time="0.006"/>
  <testcase classname="Demo3.DependsOnDemo" name="method2" time="0.021"/>
</testsuite> <!-- Demo3.DependsOnDemo -->
