<?xml version="1.0" encoding="UTF-8"?>
<!-- Generated by org.testng.reporters.JUnitReportReporter -->
<testsuite hostname="DESKTOP-ABJOE7G" failures="0" tests="12" name="Demo3.DiffrentAnotations" time="0.077" errors="0" timestamp="2023-09-11T14:12:14 GMT-07:00" skipped="1">
  <testcase classname="Demo3.DiffrentAnotations" name="test2" time="0.007"/>
  <testcase classname="Demo3.DiffrentAnotations" name="test2" time="0.004"/>
  <testcase classname="Demo3.DiffrentAnotations" name="test2" time="0.004"/>
  <testcase classname="Demo3.DiffrentAnotations" name="test2" time="0.003"/>
  <testcase classname="Demo3.DiffrentAnotations" name="test2" time="0.011"/>
  <testcase classname="Demo3.DiffrentAnotations" name="test2" time="0.004"/>
  <testcase classname="Demo3.DiffrentAnotations" name="method3" time="0.027"/>
  <testcase classname="Demo3.DiffrentAnotations" name="test2" time="0.004"/>
  <testcase classname="Demo3.DiffrentAnotations" name="test2" time="0.003"/>
  <testcase classname="Demo3.DiffrentAnotations" name="test2" time="0.003"/>
  <testcase classname="Demo3.DiffrentAnotations" name="test2" time="0.007"/>
  <testcase classname="Demo3.DiffrentAnotations" name="method2">
    <skipped/>
  </testcase> <!-- method2 -->
</testsuite> <!-- Demo3.DiffrentAnotations -->
