<?xml version="1.0" encoding="UTF-8"?>
<!-- Generated by org.testng.reporters.JUnitReportReporter -->
<testsuite hostname="DESKTOP-ABJOE7G" failures="0" tests="4" name="Demo3.PriorityDemo" time="0.031" errors="0" timestamp="2023-09-11T11:04:25 GMT-07:00" skipped="0">
  <testcase classname="Demo3.PriorityDemo" name="bmethod4" time="0.018"/>
  <testcase classname="Demo3.PriorityDemo" name="method2" time="0.004"/>
  <testcase classname="Demo3.PriorityDemo" name="method1" time="0.003"/>
  <testcase classname="Demo3.PriorityDemo" name="method3" time="0.006"/>
</testsuite> <!-- Demo3.PriorityDemo -->
