<?xml version="1.0" encoding="UTF-8"?>
<!-- Generated by org.testng.reporters.JUnitReportReporter -->
<testsuite hostname="DESKTOP-ABJOE7G" failures="0" tests="3" name="Demo3.groupsDemo" time="0.032" errors="0" timestamp="2023-09-11T13:11:07 GMT-07:00" skipped="0">
  <testcase classname="Demo3.groupsDemo" name="method1" time="0.021"/>
  <testcase classname="Demo3.groupsDemo" name="method3" time="0.008"/>
  <testcase classname="Demo3.groupsDemo" name="method2" time="0.003"/>
</testsuite> <!-- Demo3.groupsDemo -->
