<?xml version="1.0" encoding="UTF-8"?>
<!-- Generated by org.testng.reporters.JUnitReportReporter -->
<testsuite hostname="DESKTOP-ABJOE7G" failures="0" tests="2" name="Demo2.test2" time="0.033" errors="0" timestamp="2023-09-11T10:35:46 GMT-07:00" skipped="0">
  <testcase classname="Demo2.test2" name="method1" time="0.027"/>
  <testcase classname="Demo2.test2" name="method2" time="0.006"/>
</testsuite> <!-- Demo2.test2 -->
