<?xml version="1.0" encoding="UTF-8"?>
<!-- Generated by org.testng.reporters.JUnitReportReporter -->
<testsuite hostname="DESKTOP-ABJOE7G" failures="0" tests="3" name="Demo3.DataProviderDemo" time="22.578" errors="0" timestamp="2023-09-11T15:34:51 GMT-07:00" skipped="0">
  <testcase classname="Demo3.DataProviderDemo" name="method1" time="10.235"/>
  <testcase classname="Demo3.DataProviderDemo" name="method1" time="6.519"/>
  <testcase classname="Demo3.DataProviderDemo" name="method1" time="5.824"/>
</testsuite> <!-- Demo3.DataProviderDemo -->
