<?xml version="1.0" encoding="UTF-8"?>
<!-- Generated by org.testng.reporters.JUnitReportReporter -->
<testsuite hostname="DESKTOP-ABJOE7G" failures="0" tests="2" name="Demo3.parrllelTestingDemo" time="28.724" errors="0" timestamp="2023-09-11T15:10:20 GMT-07:00" skipped="0">
  <testcase classname="Demo3.parrllelTestingDemo" name="ChromeTest" time="14.592"/>
  <testcase classname="Demo3.parrllelTestingDemo" name="FirefoxTest" time="14.132"/>
</testsuite> <!-- Demo3.parrllelTestingDemo -->
